# JRE version: Java(TM) SE Runtime Environment (7.0_65-b17) (build 1.7.0_65-b17)
# Java VM: Java HotSpot(TM) Server VM (24.65-b04 mixed mode linux-x86 )
Heap
 PSYoungGen      total 591872K, used 0K [0x7d280000, 0xb3540000, 0xb3540000)
  eden space 296192K, 0% used [0x7d280000,0x7d280000,0x8f3c0000)
  from space 295680K, 0% used [0x8f3c0000,0x8f3c0000,0xa1480000)
  to   space 295680K, 0% used [0xa1480000,0xa1480000,0xb3540000)
 ParOldGen       total 1069056K, used 937327K [0x10d40000, 0x52140000, 0x7d280000)
  object space 1069056K, 87% used [0x10d40000,0x4a09be88,0x52140000)
 PSPermGen       total 16384K, used 1949K [0x0cd40000, 0x0dd40000, 0x10d40000)
  object space 16384K, 11% used [0x0cd40000,0x0cf27738,0x0dd40000)
GC Heap History (10 events):
Event: 1898.878 GC heap after
Heap after GC invocations=7 (full 2):
 PSYoungGen      total 547072K, used 21760K [0x7d280000, 0xb2cc0000, 0xb3540000)
  eden space 525312K, 0% used [0x7d280000,0x7d280000,0x9d380000)
  from space 21760K, 100% used [0x9d380000,0x9e8c0000,0x9e8c0000)
  to   space 163584K, 0% used [0xa8d00000,0xa8d00000,0xb2cc0000)
 ParOldGen       total 1069056K, used 616388K [0x10d40000, 0x52140000, 0x7d280000)
  object space 1069056K, 57% used [0x10d40000,0x367313f8,0x52140000)
 PSPermGen       total 16384K, used 1939K [0x0cd40000, 0x0dd40000, 0x10d40000)
  object space 16384K, 11% used [0x0cd40000,0x0cf24f00,0x0dd40000)
}
Event: 1899.852 GC heap before
{Heap before GC invocations=8 (full 2):
 PSYoungGen      total 547072K, used 547072K [0x7d280000, 0xb2cc0000, 0xb3540000)
  eden space 525312K, 100% used [0x7d280000,0x9d380000,0x9d380000)
  from space 21760K, 100% used [0x9d380000,0x9e8c0000,0x9e8c0000)
  to   space 163584K, 0% used [0xa8d00000,0xa8d00000,0xb2cc0000)
 ParOldGen       total 1069056K, used 616388K [0x10d40000, 0x52140000, 0x7d280000)
  object space 1069056K, 57% used [0x10d40000,0x367313f8,0x52140000)
 PSPermGen       total 16384K, used 1939K [0x0cd40000, 0x0dd40000, 0x10d40000)
  object space 16384K, 11% used [0x0cd40000,0x0cf24fd0,0x0dd40000)
Event: 1973.929 GC heap after
Heap after GC invocations=8 (full 2):
 PSYoungGen      total 523776K, used 163569K [0x7d280000, 0xb3540000, 0xb3540000)
  eden space 360192K, 0% used [0x7d280000,0x7d280000,0x93240000)
  from space 163584K, 99% used [0xa8d00000,0xb2cbc510,0xb2cc0000)
  to   space 263680K, 0% used [0x93240000,0x93240000,0xa33c0000)
 ParOldGen       total 1069056K, used 711616K [0x10d40000, 0x52140000, 0x7d280000)
  object space 1069056K, 66% used [0x10d40000,0x3c4300d0,0x52140000)
 PSPermGen       total 16384K, used 1939K [0x0cd40000, 0x0dd40000, 0x10d40000)
  object space 16384K, 11% used [0x0cd40000,0x0cf24fd0,0x0dd40000)
}
Event: 1975.376 GC heap before
{Heap before GC invocations=9 (full 2):
 PSYoungGen      total 523776K, used 523761K [0x7d280000, 0xb3540000, 0xb3540000)
  eden space 360192K, 100% used [0x7d280000,0x93240000,0x93240000)
  from space 163584K, 99% used [0xa8d00000,0xb2cbc510,0xb2cc0000)
  to   space 263680K, 0% used [0x93240000,0x93240000,0xa33c0000)
 ParOldGen       total 1069056K, used 711616K [0x10d40000, 0x52140000, 0x7d280000)
  object space 1069056K, 66% used [0x10d40000,0x3c4300d0,0x52140000)
 PSPermGen       total 16384K, used 1949K [0x0cd40000, 0x0dd40000, 0x10d40000)
  object space 16384K, 11% used [0x0cd40000,0x0cf27738,0x0dd40000)
Event: 1975.490 GC heap after
Heap after GC invocations=9 (full 2):
 PSYoungGen      total 566016K, used 205820K [0x7d280000, 0xb3540000, 0xb3540000)
  eden space 360192K, 0% used [0x7d280000,0x7d280000,0x93240000)
  from space 205824K, 99% used [0x93240000,0x9fb3f330,0x9fb40000)
  to   space 295680K, 0% used [0xa1480000,0xa1480000,0xb3540000)
 ParOldGen       total 1069056K, used 711616K [0x10d40000, 0x52140000, 0x7d280000)
  object space 1069056K, 66% used [0x10d40000,0x3c4300d0,0x52140000)
 PSPermGen       total 16384K, used 1949K [0x0cd40000, 0x0dd40000, 0x10d40000)
  object space 16384K, 11% used [0x0cd40000,0x0cf27738,0x0dd40000)
}
Event: 1975.910 GC heap before
{Heap before GC invocations=10 (full 2):
 PSYoungGen      total 566016K, used 566012K [0x7d280000, 0xb3540000, 0xb3540000)
  eden space 360192K, 100% used [0x7d280000,0x93240000,0x93240000)
  from space 205824K, 99% used [0x93240000,0x9fb3f330,0x9fb40000)
  to   space 295680K, 0% used [0xa1480000,0xa1480000,0xb3540000)
 ParOldGen       total 1069056K, used 711616K [0x10d40000, 0x52140000, 0x7d280000)
  object space 1069056K, 66% used [0x10d40000,0x3c4300d0,0x52140000)
 PSPermGen       total 16384K, used 1949K [0x0cd40000, 0x0dd40000, 0x10d40000)
  object space 16384K, 11% used [0x0cd40000,0x0cf27738,0x0dd40000)
Event: 1976.086 GC heap after
Heap after GC invocations=10 (full 2):
 PSYoungGen      total 591872K, used 233002K [0x7d280000, 0xb3540000, 0xb3540000)
  eden space 296192K, 0% used [0x7d280000,0x7d280000,0x8f3c0000)
  from space 295680K, 78% used [0xa1480000,0xaf80aa30,0xb3540000)
  to   space 295680K, 0% used [0x8f3c0000,0x8f3c0000,0xa1480000)
 ParOldGen       total 1069056K, used 711616K [0x10d40000, 0x52140000, 0x7d280000)
  object space 1069056K, 66% used [0x10d40000,0x3c4300d0,0x52140000)
 PSPermGen       total 16384K, used 1949K [0x0cd40000, 0x0dd40000, 0x10d40000)
  object space 16384K, 11% used [0x0cd40000,0x0cf27738,0x0dd40000)
}
Event: 1976.430 GC heap before
{Heap before GC invocations=11 (full 2):
 PSYoungGen      total 591872K, used 529194K [0x7d280000, 0xb3540000, 0xb3540000)
  eden space 296192K, 100% used [0x7d280000,0x8f3c0000,0x8f3c0000)
  from space 295680K, 78% used [0xa1480000,0xaf80aa30,0xb3540000)
  to   space 295680K, 0% used [0x8f3c0000,0x8f3c0000,0xa1480000)
 ParOldGen       total 1069056K, used 711616K [0x10d40000, 0x52140000, 0x7d280000)
  object space 1069056K, 66% used [0x10d40000,0x3c4300d0,0x52140000)
 PSPermGen       total 16384K, used 1949K [0x0cd40000, 0x0dd40000, 0x10d40000)
  object space 16384K, 11% used [0x0cd40000,0x0cf27738,0x0dd40000)
Event: 2119.660 GC heap after
Heap after GC invocations=11 (full 2):
 PSYoungGen      total 591872K, used 69509K [0x7d280000, 0xb3540000, 0xb3540000)
  eden space 296192K, 0% used [0x7d280000,0x7d280000,0x8f3c0000)
  from space 295680K, 23% used [0x8f3c0000,0x937a17a8,0xa1480000)
  to   space 295680K, 0% used [0xa1480000,0xa1480000,0xb3540000)
 ParOldGen       total 1069056K, used 877415K [0x10d40000, 0x52140000, 0x7d280000)
  object space 1069056K, 82% used [0x10d40000,0x46619d68,0x52140000)
 PSPermGen       total 16384K, used 1949K [0x0cd40000, 0x0dd40000, 0x10d40000)
  object space 16384K, 11% used [0x0cd40000,0x0cf27738,0x0dd40000)
}
Event: 2119.660 GC heap before
{Heap before GC invocations=12 (full 3):
 PSYoungGen      total 591872K, used 69509K [0x7d280000, 0xb3540000, 0xb3540000)
  eden space 296192K, 0% used [0x7d280000,0x7d280000,0x8f3c0000)
  from space 295680K, 23% used [0x8f3c0000,0x937a17a8,0xa1480000)
  to   space 295680K, 0% used [0xa1480000,0xa1480000,0xb3540000)
 ParOldGen       total 1069056K, used 877415K [0x10d40000, 0x52140000, 0x7d280000)
  object space 1069056K, 82% used [0x10d40000,0x46619d68,0x52140000)
 PSPermGen       total 16384K, used 1949K [0x0cd40000, 0x0dd40000, 0x10d40000)
  object space 16384K, 11% used [0x0cd40000,0x0cf27738,0x0dd40000)

