# JRE version: Java(TM) SE Runtime Environment (7.0_65-b17) (build 1.7.0_65-b17)
# Java VM: Java HotSpot(TM) Server VM (24.65-b04 mixed mode linux-x86 )
Heap
 PSYoungGen      total 284416K, used 280K [0x7d300000, 0x8fe00000, 0xb35c0000)
  eden space 262656K, 0% used [0x7d300000,0x7d300000,0x8d380000)
  from space 21760K, 1% used [0x8d380000,0x8d3c6060,0x8e8c0000)
  to   space 21760K, 0% used [0x8e8c0000,0x8e8c0000,0x8fe00000)
 ParOldGen       total 349696K, used 157098K [0x10dc0000, 0x26340000, 0x7d300000)
  object space 349696K, 44% used [0x10dc0000,0x1a72a840,0x26340000)
 PSPermGen       total 16384K, used 1876K [0x0cdc0000, 0x0ddc0000, 0x10dc0000)
  object space 16384K, 11% used [0x0cdc0000,0x0cf95188,0x0ddc0000)
GC Heap History (5 events):
Event: 0.987 GC heap before
{Heap before GC invocations=1 (full 0):
 PSYoungGen      total 153088K, used 108792K [0x7d300000, 0x87dc0000, 0xb35c0000)
  eden space 131328K, 82% used [0x7d300000,0x83d3e0e8,0x85340000)
  from space 21760K, 0% used [0x86880000,0x86880000,0x87dc0000)
  to   space 21760K, 0% used [0x85340000,0x85340000,0x86880000)
 ParOldGen       total 349696K, used 0K [0x10dc0000, 0x26340000, 0x7d300000)
  object space 349696K, 0% used [0x10dc0000,0x10dc0000,0x26340000)
 PSPermGen       total 16384K, used 1805K [0x0cdc0000, 0x0ddc0000, 0x10dc0000)
  object space 16384K, 11% used [0x0cdc0000,0x0cf83718,0x0ddc0000)
Event: 1.006 GC heap after
Heap after GC invocations=1 (full 0):
 PSYoungGen      total 153088K, used 336K [0x7d300000, 0x8fe00000, 0xb35c0000)
  eden space 131328K, 0% used [0x7d300000,0x7d300000,0x85340000)
  from space 21760K, 1% used [0x85340000,0x85394070,0x86880000)
  to   space 21760K, 0% used [0x8e8c0000,0x8e8c0000,0x8fe00000)
 ParOldGen       total 349696K, used 32260K [0x10dc0000, 0x26340000, 0x7d300000)
  object space 349696K, 9% used [0x10dc0000,0x12d41008,0x26340000)
 PSPermGen       total 16384K, used 1805K [0x0cdc0000, 0x0ddc0000, 0x10dc0000)
  object space 16384K, 11% used [0x0cdc0000,0x0cf83718,0x0ddc0000)
}
Event: 1.221 GC heap before
{Heap before GC invocations=2 (full 0):
 PSYoungGen      total 153088K, used 104051K [0x7d300000, 0x8fe00000, 0xb35c0000)
  eden space 131328K, 78% used [0x7d300000,0x83848f10,0x85340000)
  from space 21760K, 1% used [0x85340000,0x85394070,0x86880000)
  to   space 21760K, 0% used [0x8e8c0000,0x8e8c0000,0x8fe00000)
 ParOldGen       total 349696K, used 32260K [0x10dc0000, 0x26340000, 0x7d300000)
  object space 349696K, 9% used [0x10dc0000,0x12d41008,0x26340000)
 PSPermGen       total 16384K, used 1811K [0x0cdc0000, 0x0ddc0000, 0x10dc0000)
  object space 16384K, 11% used [0x0cdc0000,0x0cf84fe8,0x0ddc0000)
Event: 1.666 GC heap after
Heap after GC invocations=2 (full 0):
 PSYoungGen      total 284416K, used 280K [0x7d300000, 0x8fe00000, 0xb35c0000)
  eden space 262656K, 0% used [0x7d300000,0x7d300000,0x8d380000)
  from space 21760K, 1% used [0x8e8c0000,0x8e906060,0x8fe00000)
  to   space 21760K, 0% used [0x8d380000,0x8d380000,0x8e8c0000)
 ParOldGen       total 349696K, used 96772K [0x10dc0000, 0x26340000, 0x7d300000)
  object space 349696K, 27% used [0x10dc0000,0x16c41010,0x26340000)
 PSPermGen       total 16384K, used 1811K [0x0cdc0000, 0x0ddc0000, 0x10dc0000)
  object space 16384K, 11% used [0x0cdc0000,0x0cf84fe8,0x0ddc0000)
}
Event: 2.100 GC heap before
{Heap before GC invocations=3 (full 0):
 PSYoungGen      total 284416K, used 250369K [0x7d300000, 0x8fe00000, 0xb35c0000)
  eden space 262656K, 95% used [0x7d300000,0x8c73a4a8,0x8d380000)
  from space 21760K, 1% used [0x8e8c0000,0x8e906060,0x8fe00000)
  to   space 21760K, 0% used [0x8d380000,0x8d380000,0x8e8c0000)
 ParOldGen       total 349696K, used 96772K [0x10dc0000, 0x26340000, 0x7d300000)
  object space 349696K, 27% used [0x10dc0000,0x16c41010,0x26340000)
 PSPermGen       total 16384K, used 1876K [0x0cdc0000, 0x0ddc0000, 0x10dc0000)
  object space 16384K, 11% used [0x0cdc0000,0x0cf95188,0x0ddc0000)

