# JRE version: Java(TM) SE Runtime Environment (7.0_65-b17) (build 1.7.0_65-b17)
# Java VM: Java HotSpot(TM) Server VM (24.65-b04 mixed mode linux-x86 )
Heap
 PSYoungGen      total 115968K, used 11125K [0x9eb80000, 0xa9780000, 0xb3500000)
  eden space 64512K, 17% used [0x9eb80000,0x9f659428,0xa2a80000)
  from space 51456K, 0% used [0xa2a80000,0xa2a84000,0xa5cc0000)
  to   space 50432K, 0% used [0xa6640000,0xa6640000,0xa9780000)
 ParOldGen       total 366848K, used 266595K [0x75900000, 0x8bf40000, 0x9eb80000)
  object space 366848K, 72% used [0x75900000,0x85d58e40,0x8bf40000)
 PSPermGen       total 16384K, used 1949K [0x71900000, 0x72900000, 0x75900000)
  object space 16384K, 11% used [0x71900000,0x71ae7600,0x72900000)
GC Heap History (10 events):
Event: 13.451 GC heap before
{Heap before GC invocations=14 (full 2):
 PSYoungGen      total 100096K, used 49872K [0x9eb80000, 0xa8e40000, 0xb3500000)
  eden space 43264K, 100% used [0x9eb80000,0xa15c0000,0xa15c0000)
  from space 56832K, 11% used [0xa15c0000,0xa1c34030,0xa4d40000)
  to   space 55552K, 0% used [0xa5800000,0xa5800000,0xa8e40000)
 ParOldGen       total 307200K, used 269534K [0x75900000, 0x88500000, 0x9eb80000)
  object space 307200K, 87% used [0x75900000,0x86037958,0x88500000)
 PSPermGen       total 16384K, used 1949K [0x71900000, 0x72900000, 0x75900000)
  object space 16384K, 11% used [0x71900000,0x71ae7610,0x72900000)
Event: 13.458 GC heap after
Heap after GC invocations=14 (full 2):
 PSYoungGen      total 104448K, used 6608K [0x9eb80000, 0xa8980000, 0xb3500000)
  eden space 53760K, 0% used [0x9eb80000,0x9eb80000,0xa2000000)
  from space 50688K, 13% used [0xa5800000,0xa5e74030,0xa8980000)
  to   space 54016K, 0% used [0xa2000000,0xa2000000,0xa54c0000)
 ParOldGen       total 307200K, used 269534K [0x75900000, 0x88500000, 0x9eb80000)
  object space 307200K, 87% used [0x75900000,0x86037958,0x88500000)
 PSPermGen       total 16384K, used 1949K [0x71900000, 0x72900000, 0x75900000)
  object space 16384K, 11% used [0x71900000,0x71ae7610,0x72900000)
}
Event: 364.240 GC heap before
{Heap before GC invocations=15 (full 2):
 PSYoungGen      total 104448K, used 60368K [0x9eb80000, 0xa8980000, 0xb3500000)
  eden space 53760K, 100% used [0x9eb80000,0xa2000000,0xa2000000)
  from space 50688K, 13% used [0xa5800000,0xa5e74030,0xa8980000)
  to   space 54016K, 0% used [0xa2000000,0xa2000000,0xa54c0000)
 ParOldGen       total 538880K, used 501086K [0x75900000, 0x96740000, 0x9eb80000)
  object space 538880K, 92% used [0x75900000,0x94257960,0x96740000)
 PSPermGen       total 16384K, used 1949K [0x71900000, 0x72900000, 0x75900000)
  object space 16384K, 11% used [0x71900000,0x71ae7610,0x72900000)
Event: 382.700 GC heap after
Heap after GC invocations=15 (full 2):
 PSYoungGen      total 107776K, used 6584K [0x9eb80000, 0xa90c0000, 0xb3500000)
  eden space 53760K, 0% used [0x9eb80000,0x9eb80000,0xa2000000)
  from space 54016K, 12% used [0xa2000000,0xa266e040,0xa54c0000)
  to   space 52224K, 0% used [0xa5dc0000,0xa5dc0000,0xa90c0000)
 ParOldGen       total 538880K, used 501086K [0x75900000, 0x96740000, 0x9eb80000)
  object space 538880K, 92% used [0x75900000,0x94257960,0x96740000)
 PSPermGen       total 16384K, used 1949K [0x71900000, 0x72900000, 0x75900000)
  object space 16384K, 11% used [0x71900000,0x71ae7610,0x72900000)
}
Event: 382.749 GC heap before
{Heap before GC invocations=16 (full 3):
 PSYoungGen      total 107776K, used 6584K [0x9eb80000, 0xa90c0000, 0xb3500000)
  eden space 53760K, 0% used [0x9eb80000,0x9eb80000,0xa2000000)
  from space 54016K, 12% used [0xa2000000,0xa266e040,0xa54c0000)
  to   space 52224K, 0% used [0xa5dc0000,0xa5dc0000,0xa90c0000)
 ParOldGen       total 538880K, used 501086K [0x75900000, 0x96740000, 0x9eb80000)
  object space 538880K, 92% used [0x75900000,0x94257960,0x96740000)
 PSPermGen       total 16384K, used 1949K [0x71900000, 0x72900000, 0x75900000)
  object space 16384K, 11% used [0x71900000,0x71ae7610,0x72900000)
Event: 416.121 GC heap after
Heap after GC invocations=16 (full 3):
 PSYoungGen      total 107776K, used 0K [0x9eb80000, 0xa90c0000, 0xb3500000)
  eden space 53760K, 0% used [0x9eb80000,0x9eb80000,0xa2000000)
  from space 54016K, 0% used [0xa2000000,0xa2000000,0xa54c0000)
  to   space 52224K, 0% used [0xa5dc0000,0xa5dc0000,0xa90c0000)
 ParOldGen       total 366848K, used 266595K [0x75900000, 0x8bf40000, 0x9eb80000)
  object space 366848K, 72% used [0x75900000,0x85d58e40,0x8bf40000)
 PSPermGen       total 16384K, used 1949K [0x71900000, 0x72900000, 0x75900000)
  object space 16384K, 11% used [0x71900000,0x71ae7600,0x72900000)
}
Event: 431.596 GC heap before
{Heap before GC invocations=17 (full 3):
 PSYoungGen      total 107776K, used 53760K [0x9eb80000, 0xa90c0000, 0xb3500000)
  eden space 53760K, 100% used [0x9eb80000,0xa2000000,0xa2000000)
  from space 54016K, 0% used [0xa2000000,0xa2000000,0xa54c0000)
  to   space 52224K, 0% used [0xa5dc0000,0xa5dc0000,0xa90c0000)
 ParOldGen       total 366848K, used 266595K [0x75900000, 0x8bf40000, 0x9eb80000)
  object space 366848K, 72% used [0x75900000,0x85d58e40,0x8bf40000)
 PSPermGen       total 16384K, used 1949K [0x71900000, 0x72900000, 0x75900000)
  object space 16384K, 11% used [0x71900000,0x71ae7600,0x72900000)
Event: 431.627 GC heap after
Heap after GC invocations=17 (full 3):
 PSYoungGen      total 114944K, used 32K [0x9eb80000, 0xa8f00000, 0xb3500000)
  eden space 64512K, 0% used [0x9eb80000,0x9eb80000,0xa2a80000)
  from space 50432K, 0% used [0xa5dc0000,0xa5dc8000,0xa8f00000)
  to   space 51456K, 0% used [0xa2a80000,0xa2a80000,0xa5cc0000)
 ParOldGen       total 366848K, used 266595K [0x75900000, 0x8bf40000, 0x9eb80000)
  object space 366848K, 72% used [0x75900000,0x85d58e40,0x8bf40000)
 PSPermGen       total 16384K, used 1949K [0x71900000, 0x72900000, 0x75900000)
  object space 16384K, 11% used [0x71900000,0x71ae7600,0x72900000)
}
Event: 439.832 GC heap before
{Heap before GC invocations=18 (full 3):
 PSYoungGen      total 114944K, used 64544K [0x9eb80000, 0xa8f00000, 0xb3500000)
  eden space 64512K, 100% used [0x9eb80000,0xa2a80000,0xa2a80000)
  from space 50432K, 0% used [0xa5dc0000,0xa5dc8000,0xa8f00000)
  to   space 51456K, 0% used [0xa2a80000,0xa2a80000,0xa5cc0000)
 ParOldGen       total 366848K, used 266595K [0x75900000, 0x8bf40000, 0x9eb80000)
  object space 366848K, 72% used [0x75900000,0x85d58e40,0x8bf40000)
 PSPermGen       total 16384K, used 1949K [0x71900000, 0x72900000, 0x75900000)
  object space 16384K, 11% used [0x71900000,0x71ae7600,0x72900000)
Event: 439.878 GC heap after
Heap after GC invocations=18 (full 3):
 PSYoungGen      total 115968K, used 16K [0x9eb80000, 0xa9780000, 0xb3500000)
  eden space 64512K, 0% used [0x9eb80000,0x9eb80000,0xa2a80000)
  from space 51456K, 0% used [0xa2a80000,0xa2a84000,0xa5cc0000)
  to   space 50432K, 0% used [0xa6640000,0xa6640000,0xa9780000)
 ParOldGen       total 366848K, used 266595K [0x75900000, 0x8bf40000, 0x9eb80000)
  object space 366848K, 72% used [0x75900000,0x85d58e40,0x8bf40000)
 PSPermGen       total 16384K, used 1949K [0x71900000, 0x72900000, 0x75900000)
  object space 16384K, 11% used [0x71900000,0x71ae7600,0x72900000)
}

