# JRE version: Java(TM) SE Runtime Environment (7.0_65-b17) (build 1.7.0_65-b17)
# Java VM: Java HotSpot(TM) Server VM (24.65-b04 mixed mode linux-x86 )
Heap
 PSYoungGen      total 284416K, used 280K [0x7d240000, 0x8fd40000, 0xb3500000)
  eden space 262656K, 0% used [0x7d240000,0x7d240000,0x8d2c0000)
  from space 21760K, 1% used [0x8d2c0000,0x8d306060,0x8e800000)
  to   space 21760K, 0% used [0x8e800000,0x8e800000,0x8fd40000)
 ParOldGen       total 349696K, used 157098K [0x10d00000, 0x26280000, 0x7d240000)
  object space 349696K, 44% used [0x10d00000,0x1a66a840,0x26280000)
 PSPermGen       total 16384K, used 1876K [0x0cd00000, 0x0dd00000, 0x10d00000)
  object space 16384K, 11% used [0x0cd00000,0x0ced5208,0x0dd00000)
GC Heap History (5 events):
Event: 7.448 GC heap before
{Heap before GC invocations=1 (full 0):
 PSYoungGen      total 153088K, used 108792K [0x7d240000, 0x87d00000, 0xb3500000)
  eden space 131328K, 82% used [0x7d240000,0x83c7e0e8,0x85280000)
  from space 21760K, 0% used [0x867c0000,0x867c0000,0x87d00000)
  to   space 21760K, 0% used [0x85280000,0x85280000,0x867c0000)
 ParOldGen       total 349696K, used 0K [0x10d00000, 0x26280000, 0x7d240000)
  object space 349696K, 0% used [0x10d00000,0x10d00000,0x26280000)
 PSPermGen       total 16384K, used 1805K [0x0cd00000, 0x0dd00000, 0x10d00000)
  object space 16384K, 11% used [0x0cd00000,0x0cec3718,0x0dd00000)
Event: 8.367 GC heap after
Heap after GC invocations=1 (full 0):
 PSYoungGen      total 153088K, used 312K [0x7d240000, 0x8fd40000, 0xb3500000)
  eden space 131328K, 0% used [0x7d240000,0x7d240000,0x85280000)
  from space 21760K, 1% used [0x85280000,0x852ce060,0x867c0000)
  to   space 21760K, 0% used [0x8e800000,0x8e800000,0x8fd40000)
 ParOldGen       total 349696K, used 32256K [0x10d00000, 0x26280000, 0x7d240000)
  object space 349696K, 9% used [0x10d00000,0x12c80008,0x26280000)
 PSPermGen       total 16384K, used 1805K [0x0cd00000, 0x0dd00000, 0x10d00000)
  object space 16384K, 11% used [0x0cd00000,0x0cec3718,0x0dd00000)
}
Event: 14.691 GC heap before
{Heap before GC invocations=2 (full 0):
 PSYoungGen      total 153088K, used 104027K [0x7d240000, 0x8fd40000, 0xb3500000)
  eden space 131328K, 78% used [0x7d240000,0x83788f10,0x85280000)
  from space 21760K, 1% used [0x85280000,0x852ce060,0x867c0000)
  to   space 21760K, 0% used [0x8e800000,0x8e800000,0x8fd40000)
 ParOldGen       total 349696K, used 32256K [0x10d00000, 0x26280000, 0x7d240000)
  object space 349696K, 9% used [0x10d00000,0x12c80008,0x26280000)
 PSPermGen       total 16384K, used 1811K [0x0cd00000, 0x0dd00000, 0x10d00000)
  object space 16384K, 11% used [0x0cd00000,0x0cec4fe8,0x0dd00000)
Event: 14.937 GC heap after
Heap after GC invocations=2 (full 0):
 PSYoungGen      total 284416K, used 296K [0x7d240000, 0x8fd40000, 0xb3500000)
  eden space 262656K, 0% used [0x7d240000,0x7d240000,0x8d2c0000)
  from space 21760K, 1% used [0x8e800000,0x8e84a060,0x8fd40000)
  to   space 21760K, 0% used [0x8d2c0000,0x8d2c0000,0x8e800000)
 ParOldGen       total 349696K, used 96772K [0x10d00000, 0x26280000, 0x7d240000)
  object space 349696K, 27% used [0x10d00000,0x16b81010,0x26280000)
 PSPermGen       total 16384K, used 1811K [0x0cd00000, 0x0dd00000, 0x10d00000)
  object space 16384K, 11% used [0x0cd00000,0x0cec4fe8,0x0dd00000)
}
Event: 18.605 GC heap before
{Heap before GC invocations=3 (full 0):
 PSYoungGen      total 284416K, used 250385K [0x7d240000, 0x8fd40000, 0xb3500000)
  eden space 262656K, 95% used [0x7d240000,0x8c67a4a8,0x8d2c0000)
  from space 21760K, 1% used [0x8e800000,0x8e84a060,0x8fd40000)
  to   space 21760K, 0% used [0x8d2c0000,0x8d2c0000,0x8e800000)
 ParOldGen       total 349696K, used 96772K [0x10d00000, 0x26280000, 0x7d240000)
  object space 349696K, 27% used [0x10d00000,0x16b81010,0x26280000)
 PSPermGen       total 16384K, used 1876K [0x0cd00000, 0x0dd00000, 0x10d00000)
  object space 16384K, 11% used [0x0cd00000,0x0ced5208,0x0dd00000)

