# JRE version: Java(TM) SE Runtime Environment (7.0_65-b17) (build 1.7.0_65-b17)
# Java VM: Java HotSpot(TM) Server VM (24.65-b04 mixed mode linux-x86 )
Heap
 PSYoungGen      total 644864K, used 0K [0x7d240000, 0xb3500000, 0xb3500000)
  eden space 399872K, 0% used [0x7d240000,0x7d240000,0x958c0000)
  from space 244992K, 0% used [0xa45c0000,0xa45c0000,0xb3500000)
  to   space 242688K, 0% used [0x958c0000,0x958c0000,0xa45c0000)
 ParOldGen       total 1018368K, used 383140K [0x10d00000, 0x4ef80000, 0x7d240000)
  object space 1018368K, 37% used [0x10d00000,0x28329090,0x4ef80000)
 PSPermGen       total 16384K, used 1898K [0x0cd00000, 0x0dd00000, 0x10d00000)
  object space 16384K, 11% used [0x0cd00000,0x0cedab48,0x0dd00000)
GC Heap History (10 events):
Event: 2.466 GC heap after
Heap after GC invocations=4 (full 0):
 PSYoungGen      total 547072K, used 21758K [0x7d240000, 0x9fdc0000, 0xb3500000)
  eden space 525312K, 0% used [0x7d240000,0x7d240000,0x9d340000)
  from space 21760K, 99% used [0x9e880000,0x9fdbf810,0x9fdc0000)
  to   space 21760K, 0% used [0x9d340000,0x9d340000,0x9e880000)
 ParOldGen       total 349696K, used 313235K [0x10d00000, 0x26280000, 0x7d240000)
  object space 349696K, 89% used [0x10d00000,0x23ee4d90,0x26280000)
 PSPermGen       total 16384K, used 1897K [0x0cd00000, 0x0dd00000, 0x10d00000)
  object space 16384K, 11% used [0x0cd00000,0x0ceda698,0x0dd00000)
}
Event: 2.466 GC heap before
{Heap before GC invocations=5 (full 1):
 PSYoungGen      total 547072K, used 21758K [0x7d240000, 0x9fdc0000, 0xb3500000)
  eden space 525312K, 0% used [0x7d240000,0x7d240000,0x9d340000)
  from space 21760K, 99% used [0x9e880000,0x9fdbf810,0x9fdc0000)
  to   space 21760K, 0% used [0x9d340000,0x9d340000,0x9e880000)
 ParOldGen       total 349696K, used 313235K [0x10d00000, 0x26280000, 0x7d240000)
  object space 349696K, 89% used [0x10d00000,0x23ee4d90,0x26280000)
 PSPermGen       total 16384K, used 1897K [0x0cd00000, 0x0dd00000, 0x10d00000)
  object space 16384K, 11% used [0x0cd00000,0x0ceda698,0x0dd00000)
Event: 3.268 GC heap after
Heap after GC invocations=5 (full 1):
 PSYoungGen      total 547072K, used 0K [0x7d240000, 0x9fdc0000, 0xb3500000)
  eden space 525312K, 0% used [0x7d240000,0x7d240000,0x9d340000)
  from space 21760K, 0% used [0x9e880000,0x9e880000,0x9fdc0000)
  to   space 21760K, 0% used [0x9d340000,0x9d340000,0x9e880000)
 ParOldGen       total 513536K, used 174440K [0x10d00000, 0x30280000, 0x7d240000)
  object space 513536K, 33% used [0x10d00000,0x1b75a118,0x30280000)
 PSPermGen       total 16384K, used 1896K [0x0cd00000, 0x0dd00000, 0x10d00000)
  object space 16384K, 11% used [0x0cd00000,0x0ceda2b0,0x0dd00000)
}
Event: 13.715 GC heap before
{Heap before GC invocations=6 (full 1):
 PSYoungGen      total 547072K, used 525312K [0x7d240000, 0x9fdc0000, 0xb3500000)
  eden space 525312K, 100% used [0x7d240000,0x9d340000,0x9d340000)
  from space 21760K, 0% used [0x9e880000,0x9e880000,0x9fdc0000)
  to   space 21760K, 0% used [0x9d340000,0x9d340000,0x9e880000)
 ParOldGen       total 513536K, used 174440K [0x10d00000, 0x30280000, 0x7d240000)
  object space 513536K, 33% used [0x10d00000,0x1b75a118,0x30280000)
 PSPermGen       total 16384K, used 1898K [0x0cd00000, 0x0dd00000, 0x10d00000)
  object space 16384K, 11% used [0x0cd00000,0x0cedab68,0x0dd00000)
Event: 14.935 GC heap after
Heap after GC invocations=6 (full 1):
 PSYoungGen      total 547072K, used 21744K [0x7d240000, 0xb3500000, 0xb3500000)
  eden space 525312K, 0% used [0x7d240000,0x7d240000,0x9d340000)
  from space 21760K, 99% used [0x9d340000,0x9e87c020,0x9e880000)
  to   space 244992K, 0% used [0xa45c0000,0xa45c0000,0xb3500000)
 ParOldGen       total 513536K, used 352257K [0x10d00000, 0x30280000, 0x7d240000)
  object space 513536K, 68% used [0x10d00000,0x26500430,0x30280000)
 PSPermGen       total 16384K, used 1898K [0x0cd00000, 0x0dd00000, 0x10d00000)
  object space 16384K, 11% used [0x0cd00000,0x0cedab68,0x0dd00000)
}
Event: 14.935 GC heap before
{Heap before GC invocations=7 (full 2):
 PSYoungGen      total 547072K, used 21744K [0x7d240000, 0xb3500000, 0xb3500000)
  eden space 525312K, 0% used [0x7d240000,0x7d240000,0x9d340000)
  from space 21760K, 99% used [0x9d340000,0x9e87c020,0x9e880000)
  to   space 244992K, 0% used [0xa45c0000,0xa45c0000,0xb3500000)
 ParOldGen       total 513536K, used 352257K [0x10d00000, 0x30280000, 0x7d240000)
  object space 513536K, 68% used [0x10d00000,0x26500430,0x30280000)
 PSPermGen       total 16384K, used 1898K [0x0cd00000, 0x0dd00000, 0x10d00000)
  object space 16384K, 11% used [0x0cd00000,0x0cedab68,0x0dd00000)
Event: 15.558 GC heap after
Heap after GC invocations=7 (full 2):
 PSYoungGen      total 547072K, used 0K [0x7d240000, 0xb3500000, 0xb3500000)
  eden space 525312K, 0% used [0x7d240000,0x7d240000,0x9d340000)
  from space 21760K, 0% used [0x9d340000,0x9d340000,0x9e880000)
  to   space 244992K, 0% used [0xa45c0000,0xa45c0000,0xb3500000)
 ParOldGen       total 709376K, used 228772K [0x10d00000, 0x3c1c0000, 0x7d240000)
  object space 709376K, 32% used [0x10d00000,0x1ec69058,0x3c1c0000)
 PSPermGen       total 16384K, used 1898K [0x0cd00000, 0x0dd00000, 0x10d00000)
  object space 16384K, 11% used [0x0cd00000,0x0cedab68,0x0dd00000)
}
Event: 18.868 GC heap before
{Heap before GC invocations=8 (full 2):
 PSYoungGen      total 547072K, used 445747K [0x7d240000, 0xb3500000, 0xb3500000)
  eden space 525312K, 84% used [0x7d240000,0x9858ce88,0x9d340000)
  from space 21760K, 0% used [0x9d340000,0x9d340000,0x9e880000)
  to   space 244992K, 0% used [0xa45c0000,0xa45c0000,0xb3500000)
 ParOldGen       total 709376K, used 228772K [0x10d00000, 0x3c1c0000, 0x7d240000)
  object space 709376K, 32% used [0x10d00000,0x1ec69058,0x3c1c0000)
 PSPermGen       total 16384K, used 1898K [0x0cd00000, 0x0dd00000, 0x10d00000)
  object space 16384K, 11% used [0x0cd00000,0x0cedab68,0x0dd00000)
Event: 58.940 GC heap after
Heap after GC invocations=8 (full 2):
 PSYoungGen      total 644864K, used 32K [0x7d240000, 0xb3500000, 0xb3500000)
  eden space 399872K, 0% used [0x7d240000,0x7d240000,0x958c0000)
  from space 244992K, 0% used [0xa45c0000,0xa45c8000,0xb3500000)
  to   space 242688K, 0% used [0x958c0000,0x958c0000,0xa45c0000)
 ParOldGen       total 1018368K, used 846244K [0x10d00000, 0x4ef80000, 0x7d240000)
  object space 1018368K, 83% used [0x10d00000,0x44769068,0x4ef80000)
 PSPermGen       total 16384K, used 1898K [0x0cd00000, 0x0dd00000, 0x10d00000)
  object space 16384K, 11% used [0x0cd00000,0x0cedab68,0x0dd00000)
}
Event: 58.940 GC heap before
{Heap before GC invocations=9 (full 3):
 PSYoungGen      total 644864K, used 32K [0x7d240000, 0xb3500000, 0xb3500000)
  eden space 399872K, 0% used [0x7d240000,0x7d240000,0x958c0000)
  from space 244992K, 0% used [0xa45c0000,0xa45c8000,0xb3500000)
  to   space 242688K, 0% used [0x958c0000,0x958c0000,0xa45c0000)
 ParOldGen       total 1018368K, used 846244K [0x10d00000, 0x4ef80000, 0x7d240000)
  object space 1018368K, 83% used [0x10d00000,0x44769068,0x4ef80000)
 PSPermGen       total 16384K, used 1898K [0x0cd00000, 0x0dd00000, 0x10d00000)
  object space 16384K, 11% used [0x0cd00000,0x0cedab68,0x0dd00000)

